<?xml version="1.0" encoding="UTF-8"?>
<!-- Generated by org.testng.reporters.JUnitXMLReporter -->
<testsuite ignored="2" hostname="Subhrajeet" failures="0" tests="2" name="Test" time="67.506" errors="0" timestamp="2023-07-25T20:45:32 IST">
  <testcase classname="POM.ActiTIME.EXECCUTION.Assignments" name="ActiTIME_LOGIN" time="0.939"/>
  <testcase classname="POM.ActiTIME.EXECCUTION.Assignments" name="create_delete_work" time="12.69"/>
  <testcase classname="POM.ActiTIME.EXECCUTION.Assignments" name="create_delete_leave" time="0.0">
    <ignored/>
  </testcase> <!-- create_delete_leave -->
  <testcase classname="POM.ActiTIME.EXECCUTION.Assignments" name="create_delete_customer" time="0.0">
    <ignored/>
  </testcase> <!-- create_delete_customer -->
</testsuite> <!-- Test -->
