<?xml version="1.0" encoding="UTF-8"?>
<testng-results ignored="0" total="2" passed="2" failed="0" skipped="0">
  <reporter-output>
  </reporter-output>
  <suite started-at="2023-07-25T20:44:25 IST" name="Suite" finished-at="2023-07-25T20:45:32 IST" duration-ms="67506">
    <groups>
    </groups>
    <test started-at="2023-07-25T20:44:25 IST" name="Test" finished-at="2023-07-25T20:45:32 IST" duration-ms="67506">
      <class name="POM.ActiTIME.EXECCUTION.Assignments">
        <test-method is-config="true" signature="End()[pri:0, instance:POM.ActiTIME.EXECCUTION.Assignments@5158b42f]" started-at="2023-07-25T20:44:25 IST" name="End" finished-at="2023-07-25T20:44:25 IST" duration-ms="11" status="PASS">
          <reporter-output>
          </reporter-output>
        </test-method> <!-- End -->
        <test-method is-config="true" signature="start()[pri:0, instance:POM.ActiTIME.EXECCUTION.Assignments@5158b42f]" started-at="2023-07-25T20:44:25 IST" name="start" finished-at="2023-07-25T20:44:25 IST" duration-ms="0" status="PASS">
          <reporter-output>
          </reporter-output>
        </test-method> <!-- start -->
        <test-method is-config="true" signature="setup()[pri:0, instance:POM.ActiTIME.EXECCUTION.Assignments@5158b42f]" started-at="2023-07-25T20:44:25 IST" name="setup" finished-at="2023-07-25T20:45:19 IST" duration-ms="53841" status="PASS">
          <reporter-output>
          </reporter-output>
        </test-method> <!-- setup -->
        <test-method signature="ActiTIME_LOGIN()[pri:0, instance:POM.ActiTIME.EXECCUTION.Assignments@5158b42f]" started-at="2023-07-25T20:45:19 IST" name="ActiTIME_LOGIN" finished-at="2023-07-25T20:45:20 IST" duration-ms="939" status="PASS">
          <reporter-output>
          </reporter-output>
        </test-method> <!-- ActiTIME_LOGIN -->
        <test-method signature="create_delete_work()[pri:0, instance:POM.ActiTIME.EXECCUTION.Assignments@5158b42f]" started-at="2023-07-25T20:45:20 IST" name="create_delete_work" finished-at="2023-07-25T20:45:32 IST" duration-ms="12690" status="PASS">
          <reporter-output>
          </reporter-output>
        </test-method> <!-- create_delete_work -->
      </class> <!-- POM.ActiTIME.EXECCUTION.Assignments -->
    </test> <!-- Test -->
  </suite> <!-- Suite -->
</testng-results>
