<?xml version="1.0" encoding="UTF-8"?>
<testng-results ignored="0" total="1" passed="1" failed="0" skipped="0">
  <reporter-output>
  </reporter-output>
  <suite started-at="2023-07-24T05:50:56 IST" name="Default suite" finished-at="2023-07-24T05:50:56 IST" duration-ms="39">
    <groups>
    </groups>
    <test started-at="2023-07-24T05:50:56 IST" name="Default test" finished-at="2023-07-24T05:50:56 IST" duration-ms="39">
      <class name="POM.ActiTIME.EXECCUTION.sriti">
        <test-method signature="sriti()[pri:0, instance:POM.ActiTIME.EXECCUTION.sriti@55141def]" started-at="2023-07-24T05:50:56 IST" name="sriti" finished-at="2023-07-24T05:50:56 IST" duration-ms="6" status="PASS">
          <reporter-output>
          </reporter-output>
        </test-method> <!-- sriti -->
      </class> <!-- POM.ActiTIME.EXECCUTION.sriti -->
    </test> <!-- Default test -->
  </suite> <!-- Default suite -->
</testng-results>
